app/build/intermediates/manifest_merge_blame_file/debug/manifest-merger-blame-debug-report.txt
1<?xml version="1.0" encoding="utf-8"?>
2<manifest xmlns:android="http://schemas.android.com/apk/res/android"
3    package="com.bu.safeguard"
4    android:versionCode="4"
5    android:versionName="1.04" >
6
7    <uses-sdk
8        android:minSdkVersion="22"
8-->src\main\AndroidManifest.xml
9        android:targetSdkVersion="29" />
9-->src\main\AndroidManifest.xml
10
11    <uses-permission android:name="android.permission.ACCESS_FINE_LOCATION" />
11-->src\main\AndroidManifest.xml:6:5-79
11-->src\main\AndroidManifest.xml:6:22-76
12    <uses-permission android:name="android.permission.ACCESS_COARSE_LOCATION" />
12-->src\main\AndroidManifest.xml:7:5-81
12-->src\main\AndroidManifest.xml:7:22-78
13    <uses-permission android:name="android.permission.SEND_SMS" />
13-->src\main\AndroidManifest.xml:8:5-67
13-->src\main\AndroidManifest.xml:8:22-64
14    <uses-permission android:name="android.permission.READ_EXTERNAL_STORAGE" />
14-->src\main\AndroidManifest.xml:9:5-80
14-->src\main\AndroidManifest.xml:9:22-77
15    <uses-permission android:name="android.permission.WRITE_EXTERNAL_STORAGE" />
15-->src\main\AndroidManifest.xml:10:5-81
15-->src\main\AndroidManifest.xml:10:22-78
16    <uses-permission android:name="android.permission.INTERNET" /> <!-- Although the *SdkVersion is captured in gradle build files, this is required for non gradle builds -->
16-->[com.firebaseui:firebase-ui-database:5.1.0] AndroidManifest.xml:11:5-67
16-->[com.firebaseui:firebase-ui-database:5.1.0] AndroidManifest.xml:11:22-64
17    <!-- <uses-sdk android:minSdkVersion="14"/> -->
18    <uses-permission android:name="android.permission.ACCESS_NETWORK_STATE" /> <!-- Create a unique permission for your app and use it so only your app can receive your OneSignal messages. -->
18-->[com.google.firebase:firebase-database:20.0.0] AndroidManifest.xml:25:5-79
18-->[com.google.firebase:firebase-database:20.0.0] AndroidManifest.xml:25:22-76
19    <permission
19-->[com.onesignal:OneSignal:3.13.0] AndroidManifest.xml:7:5-9:47
20        android:name="com.bu.safeguard.permission.C2D_MESSAGE"
20-->[com.onesignal:OneSignal:3.13.0] AndroidManifest.xml:8:9-63
21        android:protectionLevel="signature" />
21-->[com.onesignal:OneSignal:3.13.0] AndroidManifest.xml:9:9-44
22
23    <uses-permission android:name="com.bu.safeguard.permission.C2D_MESSAGE" />
23-->[com.onesignal:OneSignal:3.13.0] AndroidManifest.xml:11:5-79
23-->[com.onesignal:OneSignal:3.13.0] AndroidManifest.xml:11:22-76
24    <uses-permission android:name="com.google.android.c2dm.permission.RECEIVE" /> <!-- Required, makes sure notifications are delivered on time. -->
24-->[com.onesignal:OneSignal:3.13.0] AndroidManifest.xml:17:5-82
24-->[com.onesignal:OneSignal:3.13.0] AndroidManifest.xml:17:22-79
25    <uses-permission android:name="android.permission.WAKE_LOCK" />
25-->[com.onesignal:OneSignal:3.13.0] AndroidManifest.xml:18:5-68
25-->[com.onesignal:OneSignal:3.13.0] AndroidManifest.xml:18:22-65
26    <!--
27 Required so the device vibrates on receiving a push notification.
28         Vibration settings of the device still apply.
29    -->
30    <uses-permission android:name="android.permission.VIBRATE" />
30-->[com.onesignal:OneSignal:3.13.0] AndroidManifest.xml:23:5-66
30-->[com.onesignal:OneSignal:3.13.0] AndroidManifest.xml:23:22-63
31    <!--
32 Use to restore notifications the user hasn't interacted with.
33         They could be missed notifications if the user reboots their device if this isn't in place.
34    -->
35    <uses-permission android:name="android.permission.RECEIVE_BOOT_COMPLETED" /> <!-- START: ShortcutBadger -->
35-->[com.onesignal:OneSignal:3.13.0] AndroidManifest.xml:29:5-81
35-->[com.onesignal:OneSignal:3.13.0] AndroidManifest.xml:29:22-78
36    <!-- Samsung -->
37    <uses-permission android:name="com.sec.android.provider.badge.permission.READ" />
37-->[com.onesignal:OneSignal:3.13.0] AndroidManifest.xml:31:5-86
37-->[com.onesignal:OneSignal:3.13.0] AndroidManifest.xml:31:22-83
38    <uses-permission android:name="com.sec.android.provider.badge.permission.WRITE" /> <!-- HTC -->
38-->[com.onesignal:OneSignal:3.13.0] AndroidManifest.xml:32:5-87
38-->[com.onesignal:OneSignal:3.13.0] AndroidManifest.xml:32:22-84
39    <uses-permission android:name="com.htc.launcher.permission.READ_SETTINGS" />
39-->[com.onesignal:OneSignal:3.13.0] AndroidManifest.xml:33:5-81
39-->[com.onesignal:OneSignal:3.13.0] AndroidManifest.xml:33:22-78
40    <uses-permission android:name="com.htc.launcher.permission.UPDATE_SHORTCUT" /> <!-- Sony -->
40-->[com.onesignal:OneSignal:3.13.0] AndroidManifest.xml:34:5-83
40-->[com.onesignal:OneSignal:3.13.0] AndroidManifest.xml:34:22-80
41    <uses-permission android:name="com.sonyericsson.home.permission.BROADCAST_BADGE" />
41-->[com.onesignal:OneSignal:3.13.0] AndroidManifest.xml:35:5-88
41-->[com.onesignal:OneSignal:3.13.0] AndroidManifest.xml:35:22-85
42    <uses-permission android:name="com.sonymobile.home.permission.PROVIDER_INSERT_BADGE" /> <!-- Apex -->
42-->[com.onesignal:OneSignal:3.13.0] AndroidManifest.xml:36:5-92
42-->[com.onesignal:OneSignal:3.13.0] AndroidManifest.xml:36:22-89
43    <uses-permission android:name="com.anddoes.launcher.permission.UPDATE_COUNT" /> <!-- Solid -->
43-->[com.onesignal:OneSignal:3.13.0] AndroidManifest.xml:37:5-84
43-->[com.onesignal:OneSignal:3.13.0] AndroidManifest.xml:37:22-81
44    <uses-permission android:name="com.majeur.launcher.permission.UPDATE_BADGE" /> <!-- Huawei -->
44-->[com.onesignal:OneSignal:3.13.0] AndroidManifest.xml:38:5-83
44-->[com.onesignal:OneSignal:3.13.0] AndroidManifest.xml:38:22-80
45    <uses-permission android:name="com.huawei.android.launcher.permission.CHANGE_BADGE" />
45-->[com.onesignal:OneSignal:3.13.0] AndroidManifest.xml:39:5-91
45-->[com.onesignal:OneSignal:3.13.0] AndroidManifest.xml:39:22-88
46    <uses-permission android:name="com.huawei.android.launcher.permission.READ_SETTINGS" />
46-->[com.onesignal:OneSignal:3.13.0] AndroidManifest.xml:40:5-92
46-->[com.onesignal:OneSignal:3.13.0] AndroidManifest.xml:40:22-89
47    <uses-permission android:name="com.huawei.android.launcher.permission.WRITE_SETTINGS" /> <!-- ZUK -->
47-->[com.onesignal:OneSignal:3.13.0] AndroidManifest.xml:41:5-93
47-->[com.onesignal:OneSignal:3.13.0] AndroidManifest.xml:41:22-90
48    <uses-permission android:name="android.permission.READ_APP_BADGE" /> <!-- OPPO -->
48-->[com.onesignal:OneSignal:3.13.0] AndroidManifest.xml:42:5-73
48-->[com.onesignal:OneSignal:3.13.0] AndroidManifest.xml:42:22-70
49    <uses-permission android:name="com.oppo.launcher.permission.READ_SETTINGS" />
49-->[com.onesignal:OneSignal:3.13.0] AndroidManifest.xml:43:5-82
49-->[com.onesignal:OneSignal:3.13.0] AndroidManifest.xml:43:22-79
50    <uses-permission android:name="com.oppo.launcher.permission.WRITE_SETTINGS" /> <!-- EvMe -->
50-->[com.onesignal:OneSignal:3.13.0] AndroidManifest.xml:44:5-83
50-->[com.onesignal:OneSignal:3.13.0] AndroidManifest.xml:44:22-80
51    <uses-permission android:name="me.everything.badger.permission.BADGE_COUNT_READ" />
51-->[com.onesignal:OneSignal:3.13.0] AndroidManifest.xml:45:5-88
51-->[com.onesignal:OneSignal:3.13.0] AndroidManifest.xml:45:22-85
52    <uses-permission android:name="me.everything.badger.permission.BADGE_COUNT_WRITE" />
52-->[com.onesignal:OneSignal:3.13.0] AndroidManifest.xml:46:5-89
52-->[com.onesignal:OneSignal:3.13.0] AndroidManifest.xml:46:22-86
53
54    <uses-feature
54-->[com.google.android.gms:play-services-maps:17.0.0] AndroidManifest.xml:26:5-28:35
55        android:glEsVersion="0x00020000"
55-->[com.google.android.gms:play-services-maps:17.0.0] AndroidManifest.xml:27:9-41
56        android:required="true" />
56-->[com.google.android.gms:play-services-maps:17.0.0] AndroidManifest.xml:28:9-32
57
58    <uses-permission android:name="com.google.android.finsky.permission.BIND_GET_INSTALL_REFERRER_SERVICE" />
58-->[com.android.installreferrer:installreferrer:1.0] AndroidManifest.xml:9:5-110
58-->[com.android.installreferrer:installreferrer:1.0] AndroidManifest.xml:9:22-107
59
60    <application
60-->src\main\AndroidManifest.xml:12:5-106:19
61        android:name="com.bu.safeguard.safeguard"
61-->src\main\AndroidManifest.xml:13:9-34
62        android:allowBackup="true"
62-->src\main\AndroidManifest.xml:14:9-35
63        android:appComponentFactory="androidx.core.app.CoreComponentFactory"
63-->[androidx.core:core:1.5.0] AndroidManifest.xml:24:18-86
64        android:debuggable="true"
65        android:icon="@mipmap/ic_launcher"
65-->src\main\AndroidManifest.xml:15:9-43
66        android:label="@string/app_name"
66-->src\main\AndroidManifest.xml:16:9-41
67        android:requestLegacyExternalStorage="true"
67-->src\main\AndroidManifest.xml:17:9-52
68        android:roundIcon="@mipmap/ic_launcher_round"
68-->src\main\AndroidManifest.xml:18:9-54
69        android:screenOrientation="portrait"
69-->src\main\AndroidManifest.xml:19:9-45
70        android:supportsRtl="true"
70-->src\main\AndroidManifest.xml:20:9-35
71        android:theme="@style/AppTheme"
71-->src\main\AndroidManifest.xml:21:9-40
72        android:usesCleartextTraffic="true" >
72-->src\main\AndroidManifest.xml:22:9-44
73        <activity android:name="com.bu.safeguard.BaseActivity" />
73-->src\main\AndroidManifest.xml:24:9-59
73-->src\main\AndroidManifest.xml:24:19-47
74        <activity android:name="com.bu.safeguard.splashScreen" >
74-->src\main\AndroidManifest.xml:25:9-31:20
74-->src\main\AndroidManifest.xml:25:19-47
75            <intent-filter>
75-->src\main\AndroidManifest.xml:26:13-30:29
76                <action android:name="android.intent.action.MAIN" />
76-->src\main\AndroidManifest.xml:27:17-69
76-->src\main\AndroidManifest.xml:27:25-66
77
78                <category android:name="android.intent.category.LAUNCHER" />
78-->src\main\AndroidManifest.xml:29:17-77
78-->src\main\AndroidManifest.xml:29:27-74
79            </intent-filter>
80        </activity>
81        <activity android:name="com.bu.safeguard.IntroActivity" />
81-->src\main\AndroidManifest.xml:32:9-60
81-->src\main\AndroidManifest.xml:32:19-48
82        <activity android:name="com.bu.safeguard.chatOperation.chatPage" />
82-->src\main\AndroidManifest.xml:33:9-69
82-->src\main\AndroidManifest.xml:33:19-57
83        <activity
83-->src\main\AndroidManifest.xml:34:9-37:72
84            android:name="com.bu.safeguard.sos_sent"
84-->src\main\AndroidManifest.xml:35:13-37
85            android:screenOrientation="portrait"
85-->src\main\AndroidManifest.xml:36:13-49
86            android:theme="@style/Theme.AppCompat.Light.NoActionBar" />
86-->src\main\AndroidManifest.xml:37:13-69
87        <activity
87-->src\main\AndroidManifest.xml:38:9-42:63
88            android:name="com.thefinestartist.finestwebview.FinestWebViewActivity"
88-->src\main\AndroidManifest.xml:39:13-83
89            android:configChanges="keyboardHidden|orientation|screenSize"
89-->src\main\AndroidManifest.xml:40:13-74
90            android:screenOrientation="sensor"
90-->src\main\AndroidManifest.xml:41:13-47
91            android:theme="@style/FinestWebViewTheme.Light" />
91-->src\main\AndroidManifest.xml:42:13-60
92        <activity
92-->src\main\AndroidManifest.xml:43:9-46:72
93            android:name="com.bu.safeguard.Profile"
93-->src\main\AndroidManifest.xml:44:13-36
94            android:screenOrientation="portrait"
94-->src\main\AndroidManifest.xml:45:13-49
95            android:theme="@style/Theme.AppCompat.Light.NoActionBar" />
95-->src\main\AndroidManifest.xml:46:13-69
96        <activity
96-->src\main\AndroidManifest.xml:47:9-50:72
97            android:name="com.bu.safeguard.request_from_activity"
97-->src\main\AndroidManifest.xml:48:13-50
98            android:screenOrientation="portrait"
98-->src\main\AndroidManifest.xml:49:13-49
99            android:theme="@style/Theme.AppCompat.Light.NoActionBar" />
99-->src\main\AndroidManifest.xml:50:13-69
100
101        <service
101-->src\main\AndroidManifest.xml:52:9-55:39
102            android:name="com.bu.safeguard.persistant_service"
102-->src\main\AndroidManifest.xml:53:13-47
103            android:enabled="true"
103-->src\main\AndroidManifest.xml:54:13-35
104            android:exported="true" />
104-->src\main\AndroidManifest.xml:55:13-36
105
106        <activity
106-->src\main\AndroidManifest.xml:57:9-59:52
107            android:name="com.bu.safeguard.Register"
107-->src\main\AndroidManifest.xml:58:13-37
108            android:screenOrientation="portrait" />
108-->src\main\AndroidManifest.xml:59:13-49
109        <activity
109-->src\main\AndroidManifest.xml:60:9-63:81
110            android:name="com.bu.safeguard.accountSetupPage"
110-->src\main\AndroidManifest.xml:61:13-45
111            android:screenOrientation="portrait"
111-->src\main\AndroidManifest.xml:62:13-49
112            android:theme="@style/Theme.AppCompat.Light.NoActionBar" />
112-->src\main\AndroidManifest.xml:63:13-69
113        <activity android:name="com.bu.safeguard.mobileVerifiacitonActivity" />
113-->src\main\AndroidManifest.xml:64:9-64
113-->src\main\AndroidManifest.xml:64:19-61
114        <activity android:name="com.bu.safeguard.getPhoneNum" />
114-->src\main\AndroidManifest.xml:65:9-49
114-->src\main\AndroidManifest.xml:65:19-46
115        <activity
115-->src\main\AndroidManifest.xml:66:9-69:72
116            android:name="com.bu.safeguard.userProfile"
116-->src\main\AndroidManifest.xml:67:13-40
117            android:screenOrientation="portrait"
117-->src\main\AndroidManifest.xml:68:13-49
118            android:theme="@style/Theme.AppCompat.Light.NoActionBar" />
118-->src\main\AndroidManifest.xml:69:13-69
119        <activity android:name="com.bu.safeguard.AllUserList" />
119-->src\main\AndroidManifest.xml:71:9-48
119-->src\main\AndroidManifest.xml:71:19-46
120        <activity android:name="com.bu.safeguard.myFriendList" />
120-->src\main\AndroidManifest.xml:72:9-49
120-->src\main\AndroidManifest.xml:72:19-47
121
122        <meta-data
122-->src\main\AndroidManifest.xml:74:9-76:69
123            android:name="com.google.android.gms.version"
123-->src\main\AndroidManifest.xml:75:13-58
124            android:value="@integer/google_play_services_version" /> <!-- The API key for Google Maps-based APIs. -->
124-->src\main\AndroidManifest.xml:76:13-66
125        <meta-data
125-->src\main\AndroidManifest.xml:77:9-79:55
126            android:name="com.google.android.geo.API_KEY"
126-->src\main\AndroidManifest.xml:78:13-58
127            android:value="@string/google_maps_key" />
127-->src\main\AndroidManifest.xml:79:13-52
128        <meta-data
128-->src\main\AndroidManifest.xml:80:9-82:55
129            android:name="com.facebook.sdk.ApplicationId"
129-->src\main\AndroidManifest.xml:81:13-58
130            android:value="@string/facebook_app_id" />
130-->src\main\AndroidManifest.xml:82:13-52
131
132        <activity
132-->src\main\AndroidManifest.xml:84:9-87:48
133            android:name="com.facebook.FacebookActivity"
133-->src\main\AndroidManifest.xml:85:13-57
134            android:configChanges="keyboard|keyboardHidden|screenLayout|screenSize|orientation"
134-->src\main\AndroidManifest.xml:86:13-96
135            android:label="@string/app_name"
135-->src\main\AndroidManifest.xml:87:13-45
136            android:theme="@style/com_facebook_activity_theme" />
136-->[com.facebook.android:facebook-common:5.15.3] AndroidManifest.xml:33:13-63
137        <activity
137-->src\main\AndroidManifest.xml:88:9-91:72
138            android:name="com.bu.safeguard.mapActivity"
138-->src\main\AndroidManifest.xml:89:13-40
139            android:screenOrientation="portrait"
139-->src\main\AndroidManifest.xml:90:13-49
140            android:theme="@style/Theme.AppCompat.Light.NoActionBar" />
140-->src\main\AndroidManifest.xml:91:13-69
141        <activity
141-->src\main\AndroidManifest.xml:92:9-94:72
142            android:name="com.bu.safeguard.emergencyList"
142-->src\main\AndroidManifest.xml:93:13-42
143            android:theme="@style/Theme.AppCompat.Light.NoActionBar" />
143-->src\main\AndroidManifest.xml:94:13-69
144        <activity
144-->src\main\AndroidManifest.xml:95:9-98:72
145            android:name="com.bu.safeguard.login_activity"
145-->src\main\AndroidManifest.xml:96:13-43
146            android:screenOrientation="portrait"
146-->src\main\AndroidManifest.xml:97:13-49
147            android:theme="@style/Theme.AppCompat.Light.NoActionBar" />
147-->src\main\AndroidManifest.xml:98:13-69
148        <activity
148-->src\main\AndroidManifest.xml:99:9-101:59
149            android:name="com.theartofdev.edmodo.cropper.CropImageActivity"
149-->src\main\AndroidManifest.xml:100:13-76
150            android:theme="@style/Base.Theme.AppCompat" />
150-->src\main\AndroidManifest.xml:101:13-56
151        <activity
151-->src\main\AndroidManifest.xml:102:9-105:72
152            android:name="com.bu.safeguard.MainActivity"
152-->src\main\AndroidManifest.xml:103:13-41
153            android:screenOrientation="portrait"
153-->src\main\AndroidManifest.xml:104:13-49
154            android:theme="@style/Theme.AppCompat.Light.NoActionBar" />
154-->src\main\AndroidManifest.xml:105:13-69
155        <activity
155-->[com.karumi:dexter:6.1.2] AndroidManifest.xml:27:9-29:72
156            android:name="com.karumi.dexter.DexterActivity"
156-->[com.karumi:dexter:6.1.2] AndroidManifest.xml:28:13-60
157            android:theme="@style/Dexter.Internal.Theme.Transparent" />
157-->[com.karumi:dexter:6.1.2] AndroidManifest.xml:29:13-69
158        <activity android:name="com.facebook.CustomTabMainActivity" />
158-->[com.facebook.android:facebook-common:5.15.3] AndroidManifest.xml:34:9-71
158-->[com.facebook.android:facebook-common:5.15.3] AndroidManifest.xml:34:19-68
159        <activity
159-->[com.facebook.android:facebook-common:5.15.3] AndroidManifest.xml:35:9-49:20
160            android:name="com.facebook.CustomTabActivity"
160-->[com.facebook.android:facebook-common:5.15.3] AndroidManifest.xml:36:13-58
161            android:exported="true" >
161-->[com.facebook.android:facebook-common:5.15.3] AndroidManifest.xml:37:13-36
162            <intent-filter>
162-->[com.facebook.android:facebook-common:5.15.3] AndroidManifest.xml:39:13-48:29
163                <action android:name="android.intent.action.VIEW" />
163-->[com.facebook.android:facebook-common:5.15.3] AndroidManifest.xml:40:17-69
163-->[com.facebook.android:facebook-common:5.15.3] AndroidManifest.xml:40:25-66
164
165                <category android:name="android.intent.category.DEFAULT" />
165-->[com.facebook.android:facebook-common:5.15.3] AndroidManifest.xml:42:17-76
165-->[com.facebook.android:facebook-common:5.15.3] AndroidManifest.xml:42:27-73
166                <category android:name="android.intent.category.BROWSABLE" />
166-->[com.facebook.android:facebook-common:5.15.3] AndroidManifest.xml:43:17-78
166-->[com.facebook.android:facebook-common:5.15.3] AndroidManifest.xml:43:27-75
167
168                <data
168-->[com.facebook.android:facebook-common:5.15.3] AndroidManifest.xml:45:17-47:50
169                    android:host="cct.com.bu.safeguard"
169-->[com.facebook.android:facebook-common:5.15.3] AndroidManifest.xml:46:21-56
170                    android:scheme="fbconnect" />
170-->[com.facebook.android:facebook-common:5.15.3] AndroidManifest.xml:47:21-47
171            </intent-filter>
172        </activity>
173        <activity
173-->[com.google.firebase:firebase-auth:19.3.1] AndroidManifest.xml:24:9-31:50
174            android:name="com.google.firebase.auth.internal.FederatedSignInActivity"
174-->[com.google.firebase:firebase-auth:19.3.1] AndroidManifest.xml:25:13-85
175            android:excludeFromRecents="true"
175-->[com.google.firebase:firebase-auth:19.3.1] AndroidManifest.xml:26:13-46
176            android:exported="true"
176-->[com.google.firebase:firebase-auth:19.3.1] AndroidManifest.xml:27:13-36
177            android:launchMode="singleTask"
177-->[com.google.firebase:firebase-auth:19.3.1] AndroidManifest.xml:28:13-44
178            android:permission="com.google.firebase.auth.api.gms.permission.LAUNCH_FEDERATED_SIGN_IN"
178-->[com.google.firebase:firebase-auth:19.3.1] AndroidManifest.xml:29:13-102
179            android:theme="@android:style/Theme.Translucent.NoTitleBar" />
179-->[com.google.firebase:firebase-auth:19.3.1] AndroidManifest.xml:30:13-72
180
181        <service
181-->[com.google.firebase:firebase-auth:19.3.1] AndroidManifest.xml:33:9-39:19
182            android:name="com.google.firebase.components.ComponentDiscoveryService"
182-->[com.google.firebase:firebase-auth:19.3.1] AndroidManifest.xml:34:13-84
183            android:directBootAware="true"
183-->[com.google.firebase:firebase-common:20.0.0] AndroidManifest.xml:35:13-43
184            android:exported="false" >
184-->[com.google.firebase:firebase-auth:19.3.1] AndroidManifest.xml:35:13-37
185            <meta-data
185-->[com.google.firebase:firebase-auth:19.3.1] AndroidManifest.xml:36:13-38:85
186                android:name="com.google.firebase.components:com.google.firebase.auth.FirebaseAuthRegistrar"
186-->[com.google.firebase:firebase-auth:19.3.1] AndroidManifest.xml:37:17-109
187                android:value="com.google.firebase.components.ComponentRegistrar" />
187-->[com.google.firebase:firebase-auth:19.3.1] AndroidManifest.xml:38:17-82
188            <meta-data
188-->[com.google.firebase:firebase-database:20.0.0] AndroidManifest.xml:32:13-34:85
189                android:name="com.google.firebase.components:com.google.firebase.database.DatabaseRegistrar"
189-->[com.google.firebase:firebase-database:20.0.0] AndroidManifest.xml:33:17-109
190                android:value="com.google.firebase.components.ComponentRegistrar" />
190-->[com.google.firebase:firebase-database:20.0.0] AndroidManifest.xml:34:17-82
191            <meta-data
191-->[com.google.firebase:firebase-storage:20.0.0] AndroidManifest.xml:33:13-35:85
192                android:name="com.google.firebase.components:com.google.firebase.storage.StorageRegistrar"
192-->[com.google.firebase:firebase-storage:20.0.0] AndroidManifest.xml:34:17-107
193                android:value="com.google.firebase.components.ComponentRegistrar" />
193-->[com.google.firebase:firebase-storage:20.0.0] AndroidManifest.xml:35:17-82
194            <meta-data
194-->[com.google.firebase:firebase-messaging:20.2.0] AndroidManifest.xml:39:13-41:85
195                android:name="com.google.firebase.components:com.google.firebase.messaging.FirebaseMessagingRegistrar"
195-->[com.google.firebase:firebase-messaging:20.2.0] AndroidManifest.xml:40:17-119
196                android:value="com.google.firebase.components.ComponentRegistrar" />
196-->[com.google.firebase:firebase-messaging:20.2.0] AndroidManifest.xml:41:17-82
197            <meta-data
197-->[com.google.firebase:firebase-iid:20.2.0] AndroidManifest.xml:32:13-34:85
198                android:name="com.google.firebase.components:com.google.firebase.iid.Registrar"
198-->[com.google.firebase:firebase-iid:20.2.0] AndroidManifest.xml:33:17-96
199                android:value="com.google.firebase.components.ComponentRegistrar" />
199-->[com.google.firebase:firebase-iid:20.2.0] AndroidManifest.xml:34:17-82
200            <meta-data
200-->[com.google.firebase:firebase-crashlytics:18.0.0] AndroidManifest.xml:18:13-20:85
201                android:name="com.google.firebase.components:com.google.firebase.crashlytics.CrashlyticsRegistrar"
201-->[com.google.firebase:firebase-crashlytics:18.0.0] AndroidManifest.xml:19:17-115
202                android:value="com.google.firebase.components.ComponentRegistrar" />
202-->[com.google.firebase:firebase-crashlytics:18.0.0] AndroidManifest.xml:20:17-82
203            <meta-data
203-->[com.google.firebase:firebase-datatransport:17.0.3] AndroidManifest.xml:28:13-30:85
204                android:name="com.google.firebase.components:com.google.firebase.datatransport.TransportRegistrar"
204-->[com.google.firebase:firebase-datatransport:17.0.3] AndroidManifest.xml:29:17-115
205                android:value="com.google.firebase.components.ComponentRegistrar" />
205-->[com.google.firebase:firebase-datatransport:17.0.3] AndroidManifest.xml:30:17-82
206            <meta-data
206-->[com.google.firebase:firebase-installations:17.0.0] AndroidManifest.xml:18:13-20:85
207                android:name="com.google.firebase.components:com.google.firebase.installations.FirebaseInstallationsRegistrar"
207-->[com.google.firebase:firebase-installations:17.0.0] AndroidManifest.xml:19:17-127
208                android:value="com.google.firebase.components.ComponentRegistrar" />
208-->[com.google.firebase:firebase-installations:17.0.0] AndroidManifest.xml:20:17-82
209        </service>
210
211        <meta-data
211-->[com.onesignal:OneSignal:3.13.0] AndroidManifest.xml:49:9-51:51
212            android:name="onesignal_app_id"
212-->[com.onesignal:OneSignal:3.13.0] AndroidManifest.xml:50:13-44
213            android:value="33ec6730-750a-4579-bc4d-b8e0483a1b4d" /> <!-- Deprecated - Pulled from OneSignal dashboard. -->
213-->[com.onesignal:OneSignal:3.13.0] AndroidManifest.xml:51:13-48
214        <meta-data
214-->[com.onesignal:OneSignal:3.13.0] AndroidManifest.xml:53:9-55:70
215            android:name="onesignal_google_project_number"
215-->[com.onesignal:OneSignal:3.13.0] AndroidManifest.xml:54:13-59
216            android:value="str:REMOTE" />
216-->[com.onesignal:OneSignal:3.13.0] AndroidManifest.xml:55:13-67
217
218        <receiver
218-->[com.onesignal:OneSignal:3.13.0] AndroidManifest.xml:57:9-67:20
219            android:name="com.onesignal.GcmBroadcastReceiver"
219-->[com.onesignal:OneSignal:3.13.0] AndroidManifest.xml:58:13-62
220            android:permission="com.google.android.c2dm.permission.SEND" >
220-->[com.onesignal:OneSignal:3.13.0] AndroidManifest.xml:59:13-73
221
222            <!-- High priority so OneSignal payloads can be filtered from other GCM receivers if filterOtherGCMReceivers is enabled. -->
223            <intent-filter android:priority="999" >
223-->[com.onesignal:OneSignal:3.13.0] AndroidManifest.xml:62:13-66:29
223-->[com.onesignal:OneSignal:3.13.0] AndroidManifest.xml:62:28-50
224                <action android:name="com.google.android.c2dm.intent.RECEIVE" />
224-->[com.onesignal:OneSignal:3.13.0] AndroidManifest.xml:63:17-81
224-->[com.onesignal:OneSignal:3.13.0] AndroidManifest.xml:63:25-78
225
226                <category android:name="com.bu.safeguard" />
226-->[com.onesignal:OneSignal:3.13.0] AndroidManifest.xml:65:17-61
226-->[com.onesignal:OneSignal:3.13.0] AndroidManifest.xml:65:27-58
227            </intent-filter>
228        </receiver>
229        <receiver android:name="com.onesignal.NotificationOpenedReceiver" />
229-->[com.onesignal:OneSignal:3.13.0] AndroidManifest.xml:68:9-77
229-->[com.onesignal:OneSignal:3.13.0] AndroidManifest.xml:68:19-74
230
231        <service android:name="com.onesignal.GcmIntentService" />
231-->[com.onesignal:OneSignal:3.13.0] AndroidManifest.xml:70:9-66
231-->[com.onesignal:OneSignal:3.13.0] AndroidManifest.xml:70:18-63
232        <service
232-->[com.onesignal:OneSignal:3.13.0] AndroidManifest.xml:71:9-73:72
233            android:name="com.onesignal.GcmIntentJobService"
233-->[com.onesignal:OneSignal:3.13.0] AndroidManifest.xml:72:13-61
234            android:permission="android.permission.BIND_JOB_SERVICE" />
234-->[com.onesignal:OneSignal:3.13.0] AndroidManifest.xml:73:13-69
235        <service
235-->[com.onesignal:OneSignal:3.13.0] AndroidManifest.xml:74:9-76:72
236            android:name="com.onesignal.RestoreJobService"
236-->[com.onesignal:OneSignal:3.13.0] AndroidManifest.xml:75:13-59
237            android:permission="android.permission.BIND_JOB_SERVICE" />
237-->[com.onesignal:OneSignal:3.13.0] AndroidManifest.xml:76:13-69
238        <service
238-->[com.onesignal:OneSignal:3.13.0] AndroidManifest.xml:77:9-79:72
239            android:name="com.onesignal.RestoreKickoffJobService"
239-->[com.onesignal:OneSignal:3.13.0] AndroidManifest.xml:78:13-66
240            android:permission="android.permission.BIND_JOB_SERVICE" />
240-->[com.onesignal:OneSignal:3.13.0] AndroidManifest.xml:79:13-69
241        <service
241-->[com.onesignal:OneSignal:3.13.0] AndroidManifest.xml:80:9-82:43
242            android:name="com.onesignal.SyncService"
242-->[com.onesignal:OneSignal:3.13.0] AndroidManifest.xml:81:13-53
243            android:stopWithTask="true" />
243-->[com.onesignal:OneSignal:3.13.0] AndroidManifest.xml:82:13-40
244        <service
244-->[com.onesignal:OneSignal:3.13.0] AndroidManifest.xml:83:9-85:72
245            android:name="com.onesignal.SyncJobService"
245-->[com.onesignal:OneSignal:3.13.0] AndroidManifest.xml:84:13-56
246            android:permission="android.permission.BIND_JOB_SERVICE" />
246-->[com.onesignal:OneSignal:3.13.0] AndroidManifest.xml:85:13-69
247
248        <activity
248-->[com.onesignal:OneSignal:3.13.0] AndroidManifest.xml:87:9-89:75
249            android:name="com.onesignal.PermissionsActivity"
249-->[com.onesignal:OneSignal:3.13.0] AndroidManifest.xml:88:13-61
250            android:theme="@android:style/Theme.Translucent.NoTitleBar" />
250-->[com.onesignal:OneSignal:3.13.0] AndroidManifest.xml:89:13-72
251
252        <service android:name="com.onesignal.NotificationRestoreService" />
252-->[com.onesignal:OneSignal:3.13.0] AndroidManifest.xml:91:9-76
252-->[com.onesignal:OneSignal:3.13.0] AndroidManifest.xml:91:18-73
253
254        <receiver android:name="com.onesignal.BootUpReceiver" >
254-->[com.onesignal:OneSignal:3.13.0] AndroidManifest.xml:93:9-98:20
254-->[com.onesignal:OneSignal:3.13.0] AndroidManifest.xml:93:19-62
255            <intent-filter>
255-->[com.onesignal:OneSignal:3.13.0] AndroidManifest.xml:94:13-97:29
256                <action android:name="android.intent.action.BOOT_COMPLETED" />
256-->[com.onesignal:OneSignal:3.13.0] AndroidManifest.xml:95:17-79
256-->[com.onesignal:OneSignal:3.13.0] AndroidManifest.xml:95:25-76